<?xml version="1.0" encoding="UTF-8"?>
<robot generator="Robot 6.0.2 (Python 3.9.0 on darwin)" generated="20230918 19:40:04.345" rpa="false" schemaversion="3">
<suite id="s1" name="Login Page Test" source="/Users/shilajit/PycharmProjects/pythonRobotProject/Linkedin/testCase/login_page_test.robot">
<test id="s1-t1" name="Scenario: Verify the Login page with valid credentials" line="11">
<kw name="Given Open The Browser And Launch The App" library="login_page_resource">
<doc>in this keyword luanching the app in the browser</doc>
<kw name="Launch the app" library="login_page_resource">
<kw name="Create Webdriver" library="SeleniumLibrary">
<arg>Chrome</arg>
<arg>executable_path=/Users/shilajit/PycharmProjects/pythonRobotProject/common_library/bin/chromedriver</arg>
<doc>Creates an instance of Selenium WebDriver.</doc>
<msg timestamp="20230918 19:40:04.729" level="INFO">Creating an instance of the Chrome WebDriver.</msg>
<status status="PASS" starttime="20230918 19:40:04.729" endtime="20230918 19:40:06.343"/>
</kw>
<kw name="Go To" library="SeleniumLibrary">
<arg>https://www.linkedin.com/home</arg>
<doc>Navigates the current browser window to the provided ``url``.</doc>
<msg timestamp="20230918 19:40:06.344" level="INFO">Opening url 'https://www.linkedin.com/home'</msg>
<status status="PASS" starttime="20230918 19:40:06.343" endtime="20230918 19:40:08.197"/>
</kw>
<status status="PASS" starttime="20230918 19:40:04.728" endtime="20230918 19:40:08.198"/>
</kw>
<kw name="Sleep" library="BuiltIn">
<arg>5s</arg>
<doc>Pauses the test executed for the given time.</doc>
<msg timestamp="20230918 19:40:13.200" level="INFO">Slept 5 seconds</msg>
<status status="PASS" starttime="20230918 19:40:08.198" endtime="20230918 19:40:13.201"/>
</kw>
<kw name="Maximize Browser Window" library="SeleniumLibrary">
<doc>Maximizes current browser window.</doc>
<status status="PASS" starttime="20230918 19:40:13.201" endtime="20230918 19:40:13.659"/>
</kw>
<status status="PASS" starttime="20230918 19:40:04.728" endtime="20230918 19:40:13.659"/>
</kw>
<kw name="When Login with valid credentials" library="login_page_resource">
<kw name="provide the valid crdentials" library="login_page_resource">
<kw name="Evaluate" library="BuiltIn">
<var>${decode_username}</var>
<arg>base64.b64decode('${username}').decode('utf-8')</arg>
<arg>modules=base64</arg>
<doc>Evaluates the given expression in Python and returns the result.</doc>
<msg timestamp="20230918 19:40:13.664" level="INFO">${decode_username} = shilajit.goswami051996@gmail.com</msg>
<status status="PASS" starttime="20230918 19:40:13.663" endtime="20230918 19:40:13.664"/>
</kw>
<kw name="Input Text" library="SeleniumLibrary">
<arg>${username_text_field_xpath}</arg>
<arg>${decode_username}</arg>
<doc>Types the given ``text`` into the text field identified by ``locator``.</doc>
<msg timestamp="20230918 19:40:13.667" level="INFO">Typing text 'shilajit.goswami051996@gmail.com' into text field '//input[@id="session_key"]'.</msg>
<status status="PASS" starttime="20230918 19:40:13.665" endtime="20230918 19:40:13.900"/>
</kw>
<kw name="Evaluate" library="BuiltIn">
<var>${decode_password}</var>
<arg>base64.b64decode('${password}').decode('utf-8')</arg>
<arg>modules=base64</arg>
<doc>Evaluates the given expression in Python and returns the result.</doc>
<msg timestamp="20230918 19:40:13.901" level="INFO">${decode_password} = Sgpba@123</msg>
<status status="PASS" starttime="20230918 19:40:13.901" endtime="20230918 19:40:13.901"/>
</kw>
<kw name="Input Password" library="SeleniumLibrary">
<arg>${password_input_xpath}</arg>
<arg>${decode_password}</arg>
<doc>Types the given password into the text field identified by ``locator``.</doc>
<msg timestamp="20230918 19:40:13.902" level="INFO">Typing password into text field '//input[@id="session_password"]'.</msg>
<msg timestamp="20230918 19:40:13.928" level="INFO">Temporally setting log level to: NONE</msg>
<msg timestamp="20230918 19:40:13.966" level="INFO">Log level changed from NONE to INFO.</msg>
<status status="PASS" starttime="20230918 19:40:13.901" endtime="20230918 19:40:13.966"/>
</kw>
<kw name="Set Selenium Implicit Wait" library="SeleniumLibrary">
<arg>3s</arg>
<doc>Sets the implicit wait value used by Selenium.</doc>
<status status="PASS" starttime="20230918 19:40:13.966" endtime="20230918 19:40:13.969"/>
</kw>
<kw name="Click Button" library="SeleniumLibrary">
<arg>${submit_button}</arg>
<doc>Clicks the button identified by ``locator``.</doc>
<msg timestamp="20230918 19:40:13.970" level="INFO">Clicking button '//button[@data-id="sign-in-form__submit-btn"]'.</msg>
<status status="PASS" starttime="20230918 19:40:13.969" endtime="20230918 19:40:19.535"/>
</kw>
<kw name="Sleep" library="BuiltIn">
<arg>10s</arg>
<doc>Pauses the test executed for the given time.</doc>
<msg timestamp="20230918 19:40:29.536" level="INFO">Slept 10 seconds</msg>
<status status="PASS" starttime="20230918 19:40:19.535" endtime="20230918 19:40:29.536"/>
</kw>
<status status="PASS" starttime="20230918 19:40:13.662" endtime="20230918 19:40:29.537"/>
</kw>
<status status="PASS" starttime="20230918 19:40:13.661" endtime="20230918 19:40:29.537"/>
</kw>
<kw name="Then Home page should display" library="login_page_resource">
<kw name="page should navigate to home page" library="login_page_resource">
<kw name="Run Keyword And Return Status" library="BuiltIn">
<var>${status}</var>
<arg>wait until element is visible</arg>
<arg>//div[@class="scaffold-layout__sidebar"]</arg>
<arg>20s</arg>
<doc>Runs the given keyword with given arguments and returns the status as a Boolean value.</doc>
<kw name="Wait Until Element Is Visible" library="SeleniumLibrary">
<arg>//div[@class="scaffold-layout__sidebar"]</arg>
<arg>20s</arg>
<doc>Waits until the element ``locator`` is visible.</doc>
<status status="PASS" starttime="20230918 19:40:29.539" endtime="20230918 19:40:29.627"/>
</kw>
<msg timestamp="20230918 19:40:29.627" level="INFO">${status} = True</msg>
<status status="PASS" starttime="20230918 19:40:29.538" endtime="20230918 19:40:29.627"/>
</kw>
<if>
<branch type="IF" condition="'${status}'=='True'">
<kw name="Log" library="BuiltIn">
<arg>dashboard is displayed</arg>
<doc>Logs the given message with the given level.</doc>
<msg timestamp="20230918 19:40:29.628" level="INFO">dashboard is displayed</msg>
<status status="PASS" starttime="20230918 19:40:29.628" endtime="20230918 19:40:29.629"/>
</kw>
<status status="PASS" starttime="20230918 19:40:29.628" endtime="20230918 19:40:29.629"/>
</branch>
<branch type="ELSE">
<kw name="Log" library="BuiltIn">
<arg>Fail</arg>
<arg>dashboard is not displayed</arg>
<doc>Logs the given message with the given level.</doc>
<status status="NOT RUN" starttime="20230918 19:40:29.629" endtime="20230918 19:40:29.629"/>
</kw>
<status status="NOT RUN" starttime="20230918 19:40:29.629" endtime="20230918 19:40:29.629"/>
</branch>
<status status="PASS" starttime="20230918 19:40:29.628" endtime="20230918 19:40:29.629"/>
</if>
<status status="PASS" starttime="20230918 19:40:29.538" endtime="20230918 19:40:29.629"/>
</kw>
<status status="PASS" starttime="20230918 19:40:29.537" endtime="20230918 19:40:29.629"/>
</kw>
<tag>1</tag>
<tag>lunch_app</tag>
<status status="PASS" starttime="20230918 19:40:04.727" endtime="20230918 19:40:29.630"/>
</test>
<status status="PASS" starttime="20230918 19:40:04.348" endtime="20230918 19:40:29.631"/>
</suite>
<statistics>
<total>
<stat pass="1" fail="0" skip="0">All Tests</stat>
</total>
<tag>
<stat pass="1" fail="0" skip="0">1</stat>
<stat pass="1" fail="0" skip="0">lunch_app</stat>
</tag>
<suite>
<stat pass="1" fail="0" skip="0" id="s1" name="Login Page Test">Login Page Test</stat>
</suite>
</statistics>
<errors>
</errors>
</robot>
